This is pdfTeX, Version 3.141592653-2.6-1.40.25 (TeX Live 2023) (preloaded format=pdflatex 2023.9.11)  16 NOV 2023 16:18
entering extended mode
 restricted \write18 enabled.
 %&-line parsing enabled.
**ECE5580_ProgressUpdate_Grp1.tex
(./ECE5580_ProgressUpdate_Grp1.tex
LaTeX2e <2023-06-01> patch level 1
L3 programming layer <2023-08-29>
(/opt/texlive/2023/texmf-dist/tex/latex/beamer/beamer.cls
Document Class: beamer 2023/05/15 v3.70 A class for typesetting presentations
(/opt/texlive/2023/texmf-dist/tex/latex/beamer/beamerbasemodes.sty
(/opt/texlive/2023/texmf-dist/tex/latex/etoolbox/etoolbox.sty
Package: etoolbox 2020/10/05 v2.5k e-TeX tools for LaTeX (JAW)
\etb@tempcnta=\count185
)
\beamer@tempbox=\box51
\beamer@tempcount=\count186
\c@beamerpauses=\count187

(/opt/texlive/2023/texmf-dist/tex/latex/beamer/beamerbasedecode.sty
\beamer@slideinframe=\count188
\beamer@minimum=\count189
\beamer@decode@box=\box52
)
\beamer@commentbox=\box53
\beamer@modecount=\count190
)
(/opt/texlive/2023/texmf-dist/tex/generic/iftex/iftex.sty
Package: iftex 2022/02/03 v1.0f TeX engine tests
)
\headdp=\dimen140
\footheight=\dimen141
\sidebarheight=\dimen142
\beamer@tempdim=\dimen143
\beamer@finalheight=\dimen144
\beamer@animht=\dimen145
\beamer@animdp=\dimen146
\beamer@animwd=\dimen147
\beamer@leftmargin=\dimen148
\beamer@rightmargin=\dimen149
\beamer@leftsidebar=\dimen150
\beamer@rightsidebar=\dimen151
\beamer@boxsize=\dimen152
\beamer@vboxoffset=\dimen153
\beamer@descdefault=\dimen154
\beamer@descriptionwidth=\dimen155
\beamer@lastskip=\skip48
\beamer@areabox=\box54
\beamer@animcurrent=\box55
\beamer@animshowbox=\box56
\beamer@sectionbox=\box57
\beamer@logobox=\box58
\beamer@linebox=\box59
\beamer@sectioncount=\count191
\beamer@subsubsectionmax=\count192
\beamer@subsectionmax=\count193
\beamer@sectionmax=\count194
\beamer@totalheads=\count195
\beamer@headcounter=\count196
\beamer@partstartpage=\count197
\beamer@sectionstartpage=\count198
\beamer@subsectionstartpage=\count199
\beamer@animationtempa=\count266
\beamer@animationtempb=\count267
\beamer@xpos=\count268
\beamer@ypos=\count269
\beamer@ypos@offset=\count270
\beamer@showpartnumber=\count271
\beamer@currentsubsection=\count272
\beamer@coveringdepth=\count273
\beamer@sectionadjust=\count274
\beamer@toclastsection=\count275
\beamer@tocsectionnumber=\count276

(/opt/texlive/2023/texmf-dist/tex/latex/beamer/beamerbaseoptions.sty
(/opt/texlive/2023/texmf-dist/tex/latex/graphics/keyval.sty
Package: keyval 2022/05/29 v1.15 key=value parser (DPC)
\KV@toks@=\toks17
))
\beamer@paperwidth=\skip49
\beamer@paperheight=\skip50

(/opt/texlive/2023/texmf-dist/tex/latex/geometry/geometry.sty
Package: geometry 2020/01/02 v5.9 Page Geometry

(/opt/texlive/2023/texmf-dist/tex/generic/iftex/ifvtex.sty
Package: ifvtex 2019/10/25 v1.7 ifvtex legacy package. Use iftex instead.
)
\Gm@cnth=\count277
\Gm@cntv=\count278
\c@Gm@tempcnt=\count279
\Gm@bindingoffset=\dimen156
\Gm@wd@mp=\dimen157
\Gm@odd@mp=\dimen158
\Gm@even@mp=\dimen159
\Gm@layoutwidth=\dimen160
\Gm@layoutheight=\dimen161
\Gm@layouthoffset=\dimen162
\Gm@layoutvoffset=\dimen163
\Gm@dimlist=\toks18
)
(/opt/texlive/2023/texmf-dist/tex/latex/pgf/math/pgfmath.sty
(/opt/texlive/2023/texmf-dist/tex/latex/pgf/utilities/pgfrcs.sty
(/opt/texlive/2023/texmf-dist/tex/generic/pgf/utilities/pgfutil-common.tex
\pgfutil@everybye=\toks19
\pgfutil@tempdima=\dimen164
\pgfutil@tempdimb=\dimen165
)
(/opt/texlive/2023/texmf-dist/tex/generic/pgf/utilities/pgfutil-latex.def
\pgfutil@abb=\box60
)
(/opt/texlive/2023/texmf-dist/tex/generic/pgf/utilities/pgfrcs.code.tex
(/opt/texlive/2023/texmf-dist/tex/generic/pgf/pgf.revision.tex)
Package: pgfrcs 2023-01-15 v3.1.10 (3.1.10)
))
(/opt/texlive/2023/texmf-dist/tex/latex/pgf/utilities/pgfkeys.sty
(/opt/texlive/2023/texmf-dist/tex/generic/pgf/utilities/pgfkeys.code.tex
\pgfkeys@pathtoks=\toks20
\pgfkeys@temptoks=\toks21

(/opt/texlive/2023/texmf-dist/tex/generic/pgf/utilities/pgfkeyslibraryfiltered.
code.tex
\pgfkeys@tmptoks=\toks22
))) (/opt/texlive/2023/texmf-dist/tex/generic/pgf/math/pgfmath.code.tex (/opt/t
exlive/2023/texmf-dist/tex/generic/pgf/math/pgfmathutil.code.tex
\pgf@x=\dimen166
\pgf@xa=\dimen167
\pgf@xb=\dimen168
\pgf@xc=\dimen169
\pgf@y=\dimen170
\pgf@ya=\dimen171
\pgf@yb=\dimen172
\pgf@yc=\dimen173
\c@pgf@counta=\count280
\c@pgf@countb=\count281
\c@pgf@countc=\count282
\c@pgf@countd=\count283
)
(/opt/texlive/2023/texmf-dist/tex/generic/pgf/math/pgfmathparser.code.tex
\pgfmath@dimen=\dimen174
\pgfmath@count=\count284
\pgfmath@box=\box61
\pgfmath@toks=\toks23
\pgfmath@stack@operand=\toks24
\pgfmath@stack@operation=\toks25
)
(/opt/texlive/2023/texmf-dist/tex/generic/pgf/math/pgfmathfunctions.code.tex)
(/opt/texlive/2023/texmf-dist/tex/generic/pgf/math/pgfmathfunctions.basic.code.
tex)
(/opt/texlive/2023/texmf-dist/tex/generic/pgf/math/pgfmathfunctions.trigonometr
ic.code.tex)
(/opt/texlive/2023/texmf-dist/tex/generic/pgf/math/pgfmathfunctions.random.code
.tex)
(/opt/texlive/2023/texmf-dist/tex/generic/pgf/math/pgfmathfunctions.comparison.
code.tex)
(/opt/texlive/2023/texmf-dist/tex/generic/pgf/math/pgfmathfunctions.base.code.t
ex)
(/opt/texlive/2023/texmf-dist/tex/generic/pgf/math/pgfmathfunctions.round.code.
tex)
(/opt/texlive/2023/texmf-dist/tex/generic/pgf/math/pgfmathfunctions.misc.code.t
ex)
(/opt/texlive/2023/texmf-dist/tex/generic/pgf/math/pgfmathfunctions.integerarit
hmetics.code.tex)
(/opt/texlive/2023/texmf-dist/tex/generic/pgf/math/pgfmathcalc.code.tex)
(/opt/texlive/2023/texmf-dist/tex/generic/pgf/math/pgfmathfloat.code.tex
\c@pgfmathroundto@lastzeros=\count285
)))
(/opt/texlive/2023/texmf-dist/tex/latex/base/size11.clo
File: size11.clo 2023/05/17 v1.4n Standard LaTeX file (size option)
)
(/opt/texlive/2023/texmf-dist/tex/latex/pgf/basiclayer/pgfcore.sty
(/opt/texlive/2023/texmf-dist/tex/latex/graphics/graphicx.sty
Package: graphicx 2021/09/16 v1.2d Enhanced LaTeX Graphics (DPC,SPQR)

(/opt/texlive/2023/texmf-dist/tex/latex/graphics/graphics.sty
Package: graphics 2022/03/10 v1.4e Standard LaTeX Graphics (DPC,SPQR)

(/opt/texlive/2023/texmf-dist/tex/latex/graphics/trig.sty
Package: trig 2021/08/11 v1.11 sin cos tan (DPC)
)
(/opt/texlive/2023/texmf-dist/tex/latex/graphics-cfg/graphics.cfg
File: graphics.cfg 2016/06/04 v1.11 sample graphics configuration
)
Package graphics Info: Driver file: pdftex.def on input line 107.

(/opt/texlive/2023/texmf-dist/tex/latex/graphics-def/pdftex.def
File: pdftex.def 2022/09/22 v1.2b Graphics/color driver for pdftex
))
\Gin@req@height=\dimen175
\Gin@req@width=\dimen176
)
(/opt/texlive/2023/texmf-dist/tex/latex/pgf/systemlayer/pgfsys.sty
(/opt/texlive/2023/texmf-dist/tex/generic/pgf/systemlayer/pgfsys.code.tex
Package: pgfsys 2023-01-15 v3.1.10 (3.1.10)
\pgf@x=\dimen177
\pgf@y=\dimen178
\pgf@xa=\dimen179
\pgf@ya=\dimen180
\pgf@xb=\dimen181
\pgf@yb=\dimen182
\pgf@xc=\dimen183
\pgf@yc=\dimen184
\pgf@xd=\dimen185
\pgf@yd=\dimen186
\w@pgf@writea=\write3
\r@pgf@reada=\read2
\c@pgf@counta=\count286
\c@pgf@countb=\count287
\c@pgf@countc=\count288
\c@pgf@countd=\count289
\t@pgf@toka=\toks26
\t@pgf@tokb=\toks27
\t@pgf@tokc=\toks28
\pgf@sys@id@count=\count290

(/opt/texlive/2023/texmf-dist/tex/generic/pgf/systemlayer/pgf.cfg
File: pgf.cfg 2023-01-15 v3.1.10 (3.1.10)
)
Driver file for pgf: pgfsys-pdftex.def

(/opt/texlive/2023/texmf-dist/tex/generic/pgf/systemlayer/pgfsys-pdftex.def
File: pgfsys-pdftex.def 2023-01-15 v3.1.10 (3.1.10)

(/opt/texlive/2023/texmf-dist/tex/generic/pgf/systemlayer/pgfsys-common-pdf.def
File: pgfsys-common-pdf.def 2023-01-15 v3.1.10 (3.1.10)
)))
(/opt/texlive/2023/texmf-dist/tex/generic/pgf/systemlayer/pgfsyssoftpath.code.t
ex
File: pgfsyssoftpath.code.tex 2023-01-15 v3.1.10 (3.1.10)
\pgfsyssoftpath@smallbuffer@items=\count291
\pgfsyssoftpath@bigbuffer@items=\count292
)
(/opt/texlive/2023/texmf-dist/tex/generic/pgf/systemlayer/pgfsysprotocol.code.t
ex
File: pgfsysprotocol.code.tex 2023-01-15 v3.1.10 (3.1.10)
)) (/opt/texlive/2023/texmf-dist/tex/latex/xcolor/xcolor.sty
Package: xcolor 2022/06/12 v2.14 LaTeX color extensions (UK)

(/opt/texlive/2023/texmf-dist/tex/latex/graphics-cfg/color.cfg
File: color.cfg 2016/01/02 v1.6 sample color configuration
)
Package xcolor Info: Driver file: pdftex.def on input line 227.

(/opt/texlive/2023/texmf-dist/tex/latex/graphics/mathcolor.ltx)
Package xcolor Info: Model `cmy' substituted by `cmy0' on input line 1353.
Package xcolor Info: Model `hsb' substituted by `rgb' on input line 1357.
Package xcolor Info: Model `RGB' extended on input line 1369.
Package xcolor Info: Model `HTML' substituted by `rgb' on input line 1371.
Package xcolor Info: Model `Hsb' substituted by `hsb' on input line 1372.
Package xcolor Info: Model `tHsb' substituted by `hsb' on input line 1373.
Package xcolor Info: Model `HSB' substituted by `hsb' on input line 1374.
Package xcolor Info: Model `Gray' substituted by `gray' on input line 1375.
Package xcolor Info: Model `wave' substituted by `hsb' on input line 1376.
)
(/opt/texlive/2023/texmf-dist/tex/generic/pgf/basiclayer/pgfcore.code.tex
Package: pgfcore 2023-01-15 v3.1.10 (3.1.10)

(/opt/texlive/2023/texmf-dist/tex/generic/pgf/math/pgfint.code.tex)
(/opt/texlive/2023/texmf-dist/tex/generic/pgf/basiclayer/pgfcorepoints.code.tex
File: pgfcorepoints.code.tex 2023-01-15 v3.1.10 (3.1.10)
\pgf@picminx=\dimen187
\pgf@picmaxx=\dimen188
\pgf@picminy=\dimen189
\pgf@picmaxy=\dimen190
\pgf@pathminx=\dimen191
\pgf@pathmaxx=\dimen192
\pgf@pathminy=\dimen193
\pgf@pathmaxy=\dimen194
\pgf@xx=\dimen195
\pgf@xy=\dimen196
\pgf@yx=\dimen197
\pgf@yy=\dimen198
\pgf@zx=\dimen199
\pgf@zy=\dimen256
)
(/opt/texlive/2023/texmf-dist/tex/generic/pgf/basiclayer/pgfcorepathconstruct.c
ode.tex
File: pgfcorepathconstruct.code.tex 2023-01-15 v3.1.10 (3.1.10)
\pgf@path@lastx=\dimen257
\pgf@path@lasty=\dimen258
)
(/opt/texlive/2023/texmf-dist/tex/generic/pgf/basiclayer/pgfcorepathusage.code.
tex
File: pgfcorepathusage.code.tex 2023-01-15 v3.1.10 (3.1.10)
\pgf@shorten@end@additional=\dimen259
\pgf@shorten@start@additional=\dimen260
)
(/opt/texlive/2023/texmf-dist/tex/generic/pgf/basiclayer/pgfcorescopes.code.tex
File: pgfcorescopes.code.tex 2023-01-15 v3.1.10 (3.1.10)
\pgfpic=\box62
\pgf@hbox=\box63
\pgf@layerbox@main=\box64
\pgf@picture@serial@count=\count293
)
(/opt/texlive/2023/texmf-dist/tex/generic/pgf/basiclayer/pgfcoregraphicstate.co
de.tex
File: pgfcoregraphicstate.code.tex 2023-01-15 v3.1.10 (3.1.10)
\pgflinewidth=\dimen261
)
(/opt/texlive/2023/texmf-dist/tex/generic/pgf/basiclayer/pgfcoretransformations
.code.tex
File: pgfcoretransformations.code.tex 2023-01-15 v3.1.10 (3.1.10)
\pgf@pt@x=\dimen262
\pgf@pt@y=\dimen263
\pgf@pt@temp=\dimen264
)
(/opt/texlive/2023/texmf-dist/tex/generic/pgf/basiclayer/pgfcorequick.code.tex
File: pgfcorequick.code.tex 2023-01-15 v3.1.10 (3.1.10)
)
(/opt/texlive/2023/texmf-dist/tex/generic/pgf/basiclayer/pgfcoreobjects.code.te
x
File: pgfcoreobjects.code.tex 2023-01-15 v3.1.10 (3.1.10)
)
(/opt/texlive/2023/texmf-dist/tex/generic/pgf/basiclayer/pgfcorepathprocessing.
code.tex
File: pgfcorepathprocessing.code.tex 2023-01-15 v3.1.10 (3.1.10)
)
(/opt/texlive/2023/texmf-dist/tex/generic/pgf/basiclayer/pgfcorearrows.code.tex
File: pgfcorearrows.code.tex 2023-01-15 v3.1.10 (3.1.10)
\pgfarrowsep=\dimen265
)
(/opt/texlive/2023/texmf-dist/tex/generic/pgf/basiclayer/pgfcoreshade.code.tex
File: pgfcoreshade.code.tex 2023-01-15 v3.1.10 (3.1.10)
\pgf@max=\dimen266
\pgf@sys@shading@range@num=\count294
\pgf@shadingcount=\count295
) (/opt/texlive/2023/texmf-dist/tex/generic/pgf/basiclayer/pgfcoreimage.code.te
x
File: pgfcoreimage.code.tex 2023-01-15 v3.1.10 (3.1.10)
)
(/opt/texlive/2023/texmf-dist/tex/generic/pgf/basiclayer/pgfcoreexternal.code.t
ex
File: pgfcoreexternal.code.tex 2023-01-15 v3.1.10 (3.1.10)
\pgfexternal@startupbox=\box65
)
(/opt/texlive/2023/texmf-dist/tex/generic/pgf/basiclayer/pgfcorelayers.code.tex
File: pgfcorelayers.code.tex 2023-01-15 v3.1.10 (3.1.10)
)
(/opt/texlive/2023/texmf-dist/tex/generic/pgf/basiclayer/pgfcoretransparency.co
de.tex
File: pgfcoretransparency.code.tex 2023-01-15 v3.1.10 (3.1.10)
)
(/opt/texlive/2023/texmf-dist/tex/generic/pgf/basiclayer/pgfcorepatterns.code.t
ex
File: pgfcorepatterns.code.tex 2023-01-15 v3.1.10 (3.1.10)
)
(/opt/texlive/2023/texmf-dist/tex/generic/pgf/basiclayer/pgfcorerdf.code.tex
File: pgfcorerdf.code.tex 2023-01-15 v3.1.10 (3.1.10)
))) (/opt/texlive/2023/texmf-dist/tex/latex/pgf/utilities/xxcolor.sty
Package: xxcolor 2003/10/24 ver 0.1
\XC@nummixins=\count296
\XC@countmixins=\count297
)
(/opt/texlive/2023/texmf-dist/tex/latex/base/atbegshi-ltx.sty
Package: atbegshi-ltx 2021/01/10 v1.0c Emulation of the original atbegshi
package with kernel methods
)
(/opt/texlive/2023/texmf-dist/tex/latex/hyperref/hyperref.sty
Package: hyperref 2023-07-08 v7.01b Hypertext links for LaTeX

(/opt/texlive/2023/texmf-dist/tex/generic/ltxcmds/ltxcmds.sty
Package: ltxcmds 2020-05-10 v1.25 LaTeX kernel commands for general use (HO)
)
(/opt/texlive/2023/texmf-dist/tex/generic/pdftexcmds/pdftexcmds.sty
Package: pdftexcmds 2020-06-27 v0.33 Utility functions of pdfTeX for LuaTeX (HO
)

(/opt/texlive/2023/texmf-dist/tex/generic/infwarerr/infwarerr.sty
Package: infwarerr 2019/12/03 v1.5 Providing info/warning/error messages (HO)
)
Package pdftexcmds Info: \pdf@primitive is available.
Package pdftexcmds Info: \pdf@ifprimitive is available.
Package pdftexcmds Info: \pdfdraftmode found.
)
(/opt/texlive/2023/texmf-dist/tex/latex/kvsetkeys/kvsetkeys.sty
Package: kvsetkeys 2022-10-05 v1.19 Key value parser (HO)
)
(/opt/texlive/2023/texmf-dist/tex/generic/kvdefinekeys/kvdefinekeys.sty
Package: kvdefinekeys 2019-12-19 v1.6 Define keys (HO)
)
(/opt/texlive/2023/texmf-dist/tex/generic/pdfescape/pdfescape.sty
Package: pdfescape 2019/12/09 v1.15 Implements pdfTeX's escape features (HO)
)
(/opt/texlive/2023/texmf-dist/tex/latex/hycolor/hycolor.sty
Package: hycolor 2020-01-27 v1.10 Color options for hyperref/bookmark (HO)
)
(/opt/texlive/2023/texmf-dist/tex/latex/letltxmacro/letltxmacro.sty
Package: letltxmacro 2019/12/03 v1.6 Let assignment for LaTeX macros (HO)
)
(/opt/texlive/2023/texmf-dist/tex/latex/auxhook/auxhook.sty
Package: auxhook 2019-12-17 v1.6 Hooks for auxiliary files (HO)
)
(/opt/texlive/2023/texmf-dist/tex/latex/hyperref/nameref.sty
Package: nameref 2023-08-07 v2.53 Cross-referencing by name of section

(/opt/texlive/2023/texmf-dist/tex/latex/refcount/refcount.sty
Package: refcount 2019/12/15 v3.6 Data extraction from label references (HO)
)
(/opt/texlive/2023/texmf-dist/tex/generic/gettitlestring/gettitlestring.sty
Package: gettitlestring 2019/12/15 v1.6 Cleanup title references (HO)

(/opt/texlive/2023/texmf-dist/tex/latex/kvoptions/kvoptions.sty
Package: kvoptions 2022-06-15 v3.15 Key value format for package options (HO)
))
\c@section@level=\count298
)
\@linkdim=\dimen267
\Hy@linkcounter=\count299
\Hy@pagecounter=\count300

(/opt/texlive/2023/texmf-dist/tex/latex/hyperref/pd1enc.def
File: pd1enc.def 2023-07-08 v7.01b Hyperref: PDFDocEncoding definition (HO)
Now handling font encoding PD1 ...
... no UTF-8 mapping file for font encoding PD1
)
(/opt/texlive/2023/texmf-dist/tex/generic/intcalc/intcalc.sty
Package: intcalc 2019/12/15 v1.3 Expandable calculations with integers (HO)
)
\Hy@SavedSpaceFactor=\count301

(/opt/texlive/2023/texmf-dist/tex/latex/hyperref/puenc.def
File: puenc.def 2023-07-08 v7.01b Hyperref: PDF Unicode definition (HO)
Now handling font encoding PU ...
... no UTF-8 mapping file for font encoding PU
)
Package hyperref Info: Option `bookmarks' set `true' on input line 4050.
Package hyperref Info: Option `bookmarksopen' set `true' on input line 4050.
Package hyperref Info: Option `implicit' set `false' on input line 4050.
Package hyperref Info: Hyper figures OFF on input line 4167.
Package hyperref Info: Link nesting OFF on input line 4172.
Package hyperref Info: Hyper index ON on input line 4175.
Package hyperref Info: Plain pages OFF on input line 4182.
Package hyperref Info: Backreferencing OFF on input line 4187.
Package hyperref Info: Implicit mode OFF; no redefinition of LaTeX internals.
Package hyperref Info: Bookmarks ON on input line 4434.
\c@Hy@tempcnt=\count302

(/opt/texlive/2023/texmf-dist/tex/latex/url/url.sty
\Urlmuskip=\muskip16
Package: url 2013/09/16  ver 3.4  Verb mode for urls, etc.
)
LaTeX Info: Redefining \url on input line 4772.
\XeTeXLinkMargin=\dimen268

(/opt/texlive/2023/texmf-dist/tex/generic/bitset/bitset.sty
Package: bitset 2019/12/09 v1.3 Handle bit-vector datatype (HO)

(/opt/texlive/2023/texmf-dist/tex/generic/bigintcalc/bigintcalc.sty
Package: bigintcalc 2019/12/15 v1.5 Expandable calculations on big integers (HO
)
))
\Fld@menulength=\count303
\Field@Width=\dimen269
\Fld@charsize=\dimen270
Package hyperref Info: Hyper figures OFF on input line 6051.
Package hyperref Info: Link nesting OFF on input line 6056.
Package hyperref Info: Hyper index ON on input line 6059.
Package hyperref Info: backreferencing OFF on input line 6066.
Package hyperref Info: Link coloring OFF on input line 6071.
Package hyperref Info: Link coloring with OCG OFF on input line 6076.
Package hyperref Info: PDF/A mode OFF on input line 6081.
\Hy@abspage=\count304


Package hyperref Message: Stopped early.

)
Package hyperref Info: Driver (autodetected): hpdftex.
 (/opt/texlive/2023/texmf-dist/tex/latex/hyperref/hpdftex.def
File: hpdftex.def 2023-07-08 v7.01b Hyperref driver for pdfTeX

(/opt/texlive/2023/texmf-dist/tex/latex/base/atveryend-ltx.sty
Package: atveryend-ltx 2020/08/19 v1.0a Emulation of the original atveryend pac
kage
with kernel methods
)
\Fld@listcount=\count305
\c@bookmark@seq@number=\count306

(/opt/texlive/2023/texmf-dist/tex/latex/rerunfilecheck/rerunfilecheck.sty
Package: rerunfilecheck 2022-07-10 v1.10 Rerun checks for auxiliary files (HO)

(/opt/texlive/2023/texmf-dist/tex/generic/uniquecounter/uniquecounter.sty
Package: uniquecounter 2019/12/15 v1.4 Provide unlimited unique counter (HO)
)
Package uniquecounter Info: New unique counter `rerunfilecheck' on input line 2
85.
))
(/opt/texlive/2023/texmf-dist/tex/latex/beamer/beamerbaserequires.sty
(/opt/texlive/2023/texmf-dist/tex/latex/beamer/beamerbasecompatibility.sty)
(/opt/texlive/2023/texmf-dist/tex/latex/beamer/beamerbasefont.sty
(/opt/texlive/2023/texmf-dist/tex/latex/amsfonts/amssymb.sty
Package: amssymb 2013/01/14 v3.01 AMS font symbols

(/opt/texlive/2023/texmf-dist/tex/latex/amsfonts/amsfonts.sty
Package: amsfonts 2013/01/14 v3.01 Basic AMSFonts support
\@emptytoks=\toks29
\symAMSa=\mathgroup4
\symAMSb=\mathgroup5
LaTeX Font Info:    Redeclaring math symbol \hbar on input line 98.
LaTeX Font Info:    Overwriting math alphabet `\mathfrak' in version `bold'
(Font)                  U/euf/m/n --> U/euf/b/n on input line 106.
))
(/opt/texlive/2023/texmf-dist/tex/latex/sansmathaccent/sansmathaccent.sty
Package: sansmathaccent 2020/01/31

(/opt/texlive/2023/texmf-dist/tex/latex/koma-script/scrlfile.sty
Package: scrlfile 2023/07/07 v3.41 KOMA-Script package (file load hooks)

(/opt/texlive/2023/texmf-dist/tex/latex/koma-script/scrlfile-hook.sty
Package: scrlfile-hook 2023/07/07 v3.41 KOMA-Script package (using LaTeX hooks)


(/opt/texlive/2023/texmf-dist/tex/latex/koma-script/scrlogo.sty
Package: scrlogo 2023/07/07 v3.41 KOMA-Script package (logo)
)))))
(/opt/texlive/2023/texmf-dist/tex/latex/beamer/beamerbasetranslator.sty
(/opt/texlive/2023/texmf-dist/tex/latex/translator/translator.sty
Package: translator 2021-05-31 v1.12d Easy translation of strings in LaTeX
))
(/opt/texlive/2023/texmf-dist/tex/latex/beamer/beamerbasemisc.sty)
(/opt/texlive/2023/texmf-dist/tex/latex/beamer/beamerbasetwoscreens.sty)
(/opt/texlive/2023/texmf-dist/tex/latex/beamer/beamerbaseoverlay.sty
\beamer@argscount=\count307
\beamer@lastskipcover=\skip51
\beamer@trivlistdepth=\count308
)
(/opt/texlive/2023/texmf-dist/tex/latex/beamer/beamerbasetitle.sty)
(/opt/texlive/2023/texmf-dist/tex/latex/beamer/beamerbasesection.sty
\c@lecture=\count309
\c@part=\count310
\c@section=\count311
\c@subsection=\count312
\c@subsubsection=\count313
)
(/opt/texlive/2023/texmf-dist/tex/latex/beamer/beamerbaseframe.sty
\beamer@framebox=\box66
\beamer@frametitlebox=\box67
\beamer@zoombox=\box68
\beamer@zoomcount=\count314
\beamer@zoomframecount=\count315
\beamer@frametextheight=\dimen271
\c@subsectionslide=\count316
\beamer@frametopskip=\skip52
\beamer@framebottomskip=\skip53
\beamer@frametopskipautobreak=\skip54
\beamer@framebottomskipautobreak=\skip55
\beamer@envbody=\toks30
\framewidth=\dimen272
\c@framenumber=\count317
)
(/opt/texlive/2023/texmf-dist/tex/latex/beamer/beamerbaseverbatim.sty
\beamer@verbatimfileout=\write4
)
(/opt/texlive/2023/texmf-dist/tex/latex/beamer/beamerbaseframesize.sty
\beamer@splitbox=\box69
\beamer@autobreakcount=\count318
\beamer@autobreaklastheight=\dimen273
\beamer@frametitletoks=\toks31
\beamer@framesubtitletoks=\toks32
)
(/opt/texlive/2023/texmf-dist/tex/latex/beamer/beamerbaseframecomponents.sty
\beamer@footins=\box70
)
(/opt/texlive/2023/texmf-dist/tex/latex/beamer/beamerbasecolor.sty)
(/opt/texlive/2023/texmf-dist/tex/latex/beamer/beamerbasenotes.sty
\beamer@frameboxcopy=\box71
)
(/opt/texlive/2023/texmf-dist/tex/latex/beamer/beamerbasetoc.sty)
(/opt/texlive/2023/texmf-dist/tex/latex/beamer/beamerbasetemplates.sty
\beamer@sbttoks=\toks33

(/opt/texlive/2023/texmf-dist/tex/latex/beamer/beamerbaseauxtemplates.sty
(/opt/texlive/2023/texmf-dist/tex/latex/beamer/beamerbaseboxes.sty
\bmb@box=\box72
\bmb@colorbox=\box73
\bmb@boxwidth=\dimen274
\bmb@boxheight=\dimen275
\bmb@prevheight=\dimen276
\bmb@temp=\dimen277
\bmb@dima=\dimen278
\bmb@dimb=\dimen279
\bmb@prevheight=\dimen280
)
\beamer@blockheadheight=\dimen281
))
(/opt/texlive/2023/texmf-dist/tex/latex/beamer/beamerbaselocalstructure.sty
(/opt/texlive/2023/texmf-dist/tex/latex/tools/enumerate.sty
Package: enumerate 2015/07/23 v3.00 enumerate extensions (DPC)
\@enLab=\toks34
)
\beamer@bibiconwidth=\skip56
\c@figure=\count319
\c@table=\count320
\abovecaptionskip=\skip57
\belowcaptionskip=\skip58
)
(/opt/texlive/2023/texmf-dist/tex/latex/beamer/beamerbasenavigation.sty
(/opt/texlive/2023/texmf-dist/tex/latex/beamer/beamerbasenavigationsymbols.tex)
\beamer@section@min@dim=\dimen282
) (/opt/texlive/2023/texmf-dist/tex/latex/beamer/beamerbasetheorems.sty
(/opt/texlive/2023/texmf-dist/tex/latex/amsmath/amsmath.sty
Package: amsmath 2023/05/13 v2.17o AMS math features
\@mathmargin=\skip59

For additional information on amsmath, use the `?' option.
(/opt/texlive/2023/texmf-dist/tex/latex/amsmath/amstext.sty
Package: amstext 2021/08/26 v2.01 AMS text

(/opt/texlive/2023/texmf-dist/tex/latex/amsmath/amsgen.sty
File: amsgen.sty 1999/11/30 v2.0 generic functions
\@emptytoks=\toks35
\ex@=\dimen283
))
(/opt/texlive/2023/texmf-dist/tex/latex/amsmath/amsbsy.sty
Package: amsbsy 1999/11/29 v1.2d Bold Symbols
\pmbraise@=\dimen284
)
(/opt/texlive/2023/texmf-dist/tex/latex/amsmath/amsopn.sty
Package: amsopn 2022/04/08 v2.04 operator names
)
\inf@bad=\count321
LaTeX Info: Redefining \frac on input line 234.
\uproot@=\count322
\leftroot@=\count323
LaTeX Info: Redefining \overline on input line 399.
LaTeX Info: Redefining \colon on input line 410.
\classnum@=\count324
\DOTSCASE@=\count325
LaTeX Info: Redefining \ldots on input line 496.
LaTeX Info: Redefining \dots on input line 499.
LaTeX Info: Redefining \cdots on input line 620.
\Mathstrutbox@=\box74
\strutbox@=\box75
LaTeX Info: Redefining \big on input line 722.
LaTeX Info: Redefining \Big on input line 723.
LaTeX Info: Redefining \bigg on input line 724.
LaTeX Info: Redefining \Bigg on input line 725.
\big@size=\dimen285
LaTeX Font Info:    Redeclaring font encoding OML on input line 743.
LaTeX Font Info:    Redeclaring font encoding OMS on input line 744.
\macc@depth=\count326
LaTeX Info: Redefining \bmod on input line 905.
LaTeX Info: Redefining \pmod on input line 910.
LaTeX Info: Redefining \smash on input line 940.
LaTeX Info: Redefining \relbar on input line 970.
LaTeX Info: Redefining \Relbar on input line 971.
\c@MaxMatrixCols=\count327
\dotsspace@=\muskip17
\c@parentequation=\count328
\dspbrk@lvl=\count329
\tag@help=\toks36
\row@=\count330
\column@=\count331
\maxfields@=\count332
\andhelp@=\toks37
\eqnshift@=\dimen286
\alignsep@=\dimen287
\tagshift@=\dimen288
\tagwidth@=\dimen289
\totwidth@=\dimen290
\lineht@=\dimen291
\@envbody=\toks38
\multlinegap=\skip60
\multlinetaggap=\skip61
\mathdisplay@stack=\toks39
LaTeX Info: Redefining \[ on input line 2953.
LaTeX Info: Redefining \] on input line 2954.
)
(/opt/texlive/2023/texmf-dist/tex/latex/amscls/amsthm.sty
Package: amsthm 2020/05/29 v2.20.6
\thm@style=\toks40
\thm@bodyfont=\toks41
\thm@headfont=\toks42
\thm@notefont=\toks43
\thm@headpunct=\toks44
\thm@preskip=\skip62
\thm@postskip=\skip63
\thm@headsep=\skip64
\dth@everypar=\toks45
)
\c@theorem=\count333
)
(/opt/texlive/2023/texmf-dist/tex/latex/beamer/beamerbasethemes.sty))
(/opt/texlive/2023/texmf-dist/tex/latex/beamer/beamerthemedefault.sty
(/opt/texlive/2023/texmf-dist/tex/latex/beamer/beamerfontthemedefault.sty)
(/opt/texlive/2023/texmf-dist/tex/latex/beamer/beamercolorthemedefault.sty)
(/opt/texlive/2023/texmf-dist/tex/latex/beamer/beamerinnerthemedefault.sty
\beamer@dima=\dimen292
\beamer@dimb=\dimen293
)
(/opt/texlive/2023/texmf-dist/tex/latex/beamer/beamerouterthemedefault.sty)))
(/opt/texlive/2023/texmf-dist/tex/latex/beamer/beamerthemeSingapore.sty
(/opt/texlive/2023/texmf-dist/tex/latex/beamer/beamerouterthememiniframes.sty))
(/opt/texlive/2023/texmf-dist/tex/latex/beamer/beamercolorthemeseahorse.sty)
(/opt/texlive/2023/texmf-dist/tex/latex/wrapfig/wrapfig.sty
\wrapoverhang=\dimen294
\WF@size=\dimen295
\c@WF@wrappedlines=\count334
\WF@box=\box76
\WF@everypar=\toks46
Package: wrapfig 2003/01/31  v 3.6
)
(/opt/texlive/2023/texmf-dist/tex/latex/caption/subcaption.sty
Package: subcaption 2023/07/28 v1.6b Sub-captions (AR)

(/opt/texlive/2023/texmf-dist/tex/latex/caption/caption.sty
Package: caption 2023/07/31 v3.6n Customizing captions (AR)

(/opt/texlive/2023/texmf-dist/tex/latex/caption/caption3.sty
Package: caption3 2023/07/31 v2.4d caption3 kernel (AR)
\caption@tempdima=\dimen296
\captionmargin=\dimen297
\caption@leftmargin=\dimen298
\caption@rightmargin=\dimen299
\caption@width=\dimen300
\caption@indent=\dimen301
\caption@parindent=\dimen302
\caption@hangindent=\dimen303
Package caption Info: beamer document class detected.

(/opt/texlive/2023/texmf-dist/tex/latex/caption/caption-beamer.sto
File: caption-beamer.sto 2022/01/06 v2.0c Adaption of the caption package to th
e beamer document classes (AR)
))
\c@caption@flags=\count335
\c@continuedfloat=\count336
Package caption Info: hyperref package is loaded.
Package caption Info: Hyperref support is turned off
(caption)             because hyperref has stopped early.
Package caption Info: wrapfig package is loaded.
)
Package caption Info: New subtype `subfigure' on input line 238.
\c@subfigure=\count337
Package caption Info: New subtype `subtable' on input line 238.
\c@subtable=\count338
)
(/opt/texlive/2023/texmf-dist/tex/latex/setspace/setspace.sty
Package: setspace 2022/12/04 v6.7b set line spacing
)
(/opt/texlive/2023/texmf-dist/tex/latex/booktabs/booktabs.sty
Package: booktabs 2020/01/12 v1.61803398 Publication quality tables
\heavyrulewidth=\dimen304
\lightrulewidth=\dimen305
\cmidrulewidth=\dimen306
\belowrulesep=\dimen307
\belowbottomsep=\dimen308
\aboverulesep=\dimen309
\abovetopsep=\dimen310
\cmidrulesep=\dimen311
\cmidrulekern=\dimen312
\defaultaddspace=\dimen313
\@cmidla=\count339
\@cmidlb=\count340
\@aboverulesep=\dimen314
\@belowrulesep=\dimen315
\@thisruleclass=\count341
\@lastruleclass=\count342
\@thisrulewidth=\dimen316
)
(/opt/texlive/2023/texmf-dist/tex/latex/base/fontenc.sty
Package: fontenc 2021/04/29 v2.0v Standard LaTeX package
)
(/opt/texlive/2023/texmf-dist/tex/latex/fourier/fourier.sty
Package: fourier 2022/02/05 2.3 fourier-GUTenberg package
Now handling font encoding FML ...
... no UTF-8 mapping file for font encoding FML
Now handling font encoding FMS ...
... no UTF-8 mapping file for font encoding FMS
Now handling font encoding FMX ...
... no UTF-8 mapping file for font encoding FMX

(/opt/texlive/2023/texmf-dist/tex/latex/base/fontenc.sty
Package: fontenc 2021/04/29 v2.0v Standard LaTeX package
)
(/opt/texlive/2023/texmf-dist/tex/latex/base/textcomp.sty
Package: textcomp 2020/02/02 v2.0n Standard LaTeX package
)
(/opt/texlive/2023/texmf-dist/tex/latex/fourier/fourier-orns.sty
Package: fourier-orns 2022/02/05 2.3 fourier-ornaments package
)
LaTeX Font Info:    Redeclaring symbol font `operators' on input line 63.
LaTeX Font Info:    Encoding `OT1' has changed to `T1' for symbol font
(Font)              `operators' in the math version `normal' on input line 63.
LaTeX Font Info:    Overwriting symbol font `operators' in version `normal'
(Font)                  OT1/cmr/m/n --> T1/futs/m/n on input line 63.
LaTeX Font Info:    Encoding `OT1' has changed to `T1' for symbol font
(Font)              `operators' in the math version `bold' on input line 63.
LaTeX Font Info:    Overwriting symbol font `operators' in version `bold'
(Font)                  OT1/cmr/bx/n --> T1/futs/m/n on input line 63.
LaTeX Font Info:    Overwriting symbol font `operators' in version `bold'
(Font)                  T1/futs/m/n --> T1/futs/b/n on input line 64.
LaTeX Font Info:    Redeclaring symbol font `letters' on input line 72.
LaTeX Font Info:    Encoding `OML' has changed to `FML' for symbol font
(Font)              `letters' in the math version `normal' on input line 72.
LaTeX Font Info:    Overwriting symbol font `letters' in version `normal'
(Font)                  OML/cmm/m/it --> FML/futmi/m/it on input line 72.
LaTeX Font Info:    Encoding `OML' has changed to `FML' for symbol font
(Font)              `letters' in the math version `bold' on input line 72.
LaTeX Font Info:    Overwriting symbol font `letters' in version `bold'
(Font)                  OML/cmm/b/it --> FML/futmi/m/it on input line 72.
\symotherletters=\mathgroup6
LaTeX Font Info:    Overwriting symbol font `letters' in version `bold'
(Font)                  FML/futmi/m/it --> FML/futmi/b/it on input line 74.
LaTeX Font Info:    Overwriting symbol font `otherletters' in version `bold'
(Font)                  FML/futm/m/it --> FML/futm/b/it on input line 75.
LaTeX Font Info:    Redeclaring math symbol \Gamma on input line 76.
LaTeX Font Info:    Redeclaring math symbol \Delta on input line 77.
LaTeX Font Info:    Redeclaring math symbol \Theta on input line 78.
LaTeX Font Info:    Redeclaring math symbol \Lambda on input line 79.
LaTeX Font Info:    Redeclaring math symbol \Xi on input line 80.
LaTeX Font Info:    Redeclaring math symbol \Pi on input line 81.
LaTeX Font Info:    Redeclaring math symbol \Sigma on input line 82.
LaTeX Font Info:    Redeclaring math symbol \Upsilon on input line 83.
LaTeX Font Info:    Redeclaring math symbol \Phi on input line 84.
LaTeX Font Info:    Redeclaring math symbol \Psi on input line 85.
LaTeX Font Info:    Redeclaring math symbol \Omega on input line 86.
LaTeX Font Info:    Redeclaring symbol font `symbols' on input line 126.
LaTeX Font Info:    Encoding `OMS' has changed to `FMS' for symbol font
(Font)              `symbols' in the math version `normal' on input line 126.
LaTeX Font Info:    Overwriting symbol font `symbols' in version `normal'
(Font)                  OMS/cmsy/m/n --> FMS/futm/m/n on input line 126.
LaTeX Font Info:    Encoding `OMS' has changed to `FMS' for symbol font
(Font)              `symbols' in the math version `bold' on input line 126.
LaTeX Font Info:    Overwriting symbol font `symbols' in version `bold'
(Font)                  OMS/cmsy/b/n --> FMS/futm/m/n on input line 126.
LaTeX Font Info:    Redeclaring symbol font `largesymbols' on input line 127.
LaTeX Font Info:    Encoding `OMX' has changed to `FMX' for symbol font
(Font)              `largesymbols' in the math version `normal' on input line 1
27.
LaTeX Font Info:    Overwriting symbol font `largesymbols' in version `normal'
(Font)                  OMX/cmex/m/n --> FMX/futm/m/n on input line 127.
LaTeX Font Info:    Encoding `OMX' has changed to `FMX' for symbol font
(Font)              `largesymbols' in the math version `bold' on input line 127
.
LaTeX Font Info:    Overwriting symbol font `largesymbols' in version `bold'
(Font)                  OMX/cmex/m/n --> FMX/futm/m/n on input line 127.
LaTeX Font Info:    Redeclaring math alphabet \mathbf on input line 128.
LaTeX Font Info:    Overwriting math alphabet `\mathbf' in version `normal'
(Font)                  OT1/cmr/bx/n --> T1/futs/bx/n on input line 128.
LaTeX Font Info:    Overwriting math alphabet `\mathbf' in version `bold'
(Font)                  OT1/cmr/bx/n --> T1/futs/bx/n on input line 128.
LaTeX Font Info:    Redeclaring math alphabet \mathrm on input line 129.
LaTeX Font Info:    Redeclaring math alphabet \mathit on input line 130.
LaTeX Font Info:    Overwriting math alphabet `\mathit' in version `normal'
(Font)                  OT1/cmr/m/it --> T1/futs/m/it on input line 130.
LaTeX Font Info:    Overwriting math alphabet `\mathit' in version `bold'
(Font)                  OT1/cmr/bx/it --> T1/futs/m/it on input line 130.
LaTeX Font Info:    Redeclaring math alphabet \mathcal on input line 131.
LaTeX Font Info:    Redeclaring math symbol \varkappa on input line 132.
LaTeX Font Info:    Redeclaring math symbol \leqslant on input line 138.
LaTeX Font Info:    Redeclaring math symbol \geqslant on input line 139.
LaTeX Font Info:    Redeclaring math symbol \vDash on input line 142.
LaTeX Font Info:    Redeclaring math symbol \blacktriangleleft on input line 14
3.
LaTeX Font Info:    Redeclaring math symbol \blacktriangleright on input line 1
44.
LaTeX Font Info:    Redeclaring math symbol \nleqslant on input line 145.
LaTeX Font Info:    Redeclaring math symbol \ngeqslant on input line 146.
LaTeX Font Info:    Redeclaring math symbol \parallel on input line 147.
LaTeX Font Info:    Redeclaring math symbol \nparallel on input line 148.
LaTeX Font Info:    Redeclaring math symbol \nvDash on input line 150.
LaTeX Font Info:    Redeclaring math symbol \intercal on input line 151.
LaTeX Font Info:    Redeclaring math symbol \hslash on input line 152.
LaTeX Font Info:    Redeclaring math symbol \nexists on input line 153.
LaTeX Font Info:    Redeclaring math symbol \complement on input line 154.
LaTeX Font Info:    Redeclaring math symbol \varsubsetneq on input line 155.
LaTeX Font Info:    Redeclaring math symbol \hbar on input line 161.
LaTeX Font Info:    Redeclaring math symbol \smallsetminus on input line 162.
LaTeX Font Info:    Redeclaring math symbol \subsetneqq on input line 163.
LaTeX Font Info:    Redeclaring math symbol \rightrightarrows on input line 164
.
LaTeX Font Info:    Redeclaring math symbol \leftleftarrows on input line 165.
LaTeX Font Info:    Redeclaring math symbol \square on input line 166.
LaTeX Font Info:    Redeclaring math symbol \curvearrowleft on input line 167.
LaTeX Font Info:    Redeclaring math symbol \curvearrowright on input line 168.

LaTeX Font Info:    Redeclaring math symbol \blacksquare on input line 169.
LaTeX Font Info:    Redeclaring math symbol \varkappa on input line 199.
LaTeX Font Info:    Redeclaring math symbol \varvarrho on input line 200.
LaTeX Font Info:    Redeclaring math delimiter \Vert on input line 223.
LaTeX Font Info:    Redeclaring math delimiter \vert on input line 228.
LaTeX Font Info:    Redeclaring math delimiter \lvert on input line 230.
LaTeX Font Info:    Redeclaring math delimiter \rvert on input line 232.
LaTeX Font Info:    Redeclaring math delimiter \lVert on input line 234.
LaTeX Font Info:    Redeclaring math delimiter \rVert on input line 236.
LaTeX Font Info:    Redeclaring math delimiter \Downarrow on input line 238.
LaTeX Font Info:    Redeclaring math delimiter \backslash on input line 240.
LaTeX Font Info:    Redeclaring math delimiter \rangle on input line 242.
LaTeX Font Info:    Redeclaring math delimiter \langle on input line 244.
LaTeX Font Info:    Redeclaring math delimiter \rbrace on input line 246.
LaTeX Font Info:    Redeclaring math delimiter \lbrace on input line 248.
LaTeX Font Info:    Redeclaring math delimiter \rceil on input line 250.
LaTeX Font Info:    Redeclaring math delimiter \lceil on input line 252.
LaTeX Font Info:    Redeclaring math delimiter \rfloor on input line 254.
LaTeX Font Info:    Redeclaring math delimiter \lfloor on input line 256.
LaTeX Font Info:    Redeclaring math accent \acute on input line 260.
LaTeX Font Info:    Redeclaring math accent \grave on input line 261.
LaTeX Font Info:    Redeclaring math accent \ddot on input line 262.
LaTeX Font Info:    Redeclaring math accent \tilde on input line 263.
LaTeX Font Info:    Redeclaring math accent \bar on input line 264.
LaTeX Font Info:    Redeclaring math accent \breve on input line 265.
LaTeX Font Info:    Redeclaring math accent \check on input line 266.
LaTeX Font Info:    Redeclaring math accent \hat on input line 267.
LaTeX Font Info:    Redeclaring math accent \dot on input line 268.
LaTeX Font Info:    Redeclaring math accent \mathring on input line 269.
\symUfutm=\mathgroup7
)
(/opt/texlive/2023/texmf-dist/tex/latex/lipsum/lipsum.sty
(/opt/texlive/2023/texmf-dist/tex/latex/l3packages/l3keys2e/l3keys2e.sty
(/opt/texlive/2023/texmf-dist/tex/latex/l3kernel/expl3.sty
Package: expl3 2023-08-29 L3 programming layer (loader) 

(/opt/texlive/2023/texmf-dist/tex/latex/l3backend/l3backend-pdftex.def
File: l3backend-pdftex.def 2023-04-19 L3 backend support: PDF output (pdfTeX)
\l__color_backend_stack_int=\count343
\l__pdf_internal_box=\box77
))
Package: l3keys2e 2023-08-29 LaTeX2e option processing using LaTeX3 keys
)
Package: lipsum 2021-09-20 v2.7 150 paragraphs of Lorem Ipsum dummy text
\g__lipsum_par_int=\count344
\l__lipsum_a_int=\count345
\l__lipsum_b_int=\count346

(/opt/texlive/2023/texmf-dist/tex/latex/lipsum/lipsum.ltd.tex))
(/opt/texlive/2023/texmf-dist/tex/latex/mdframed/mdframed.sty
Package: mdframed 2013/07/01 1.9b: mdframed

(/opt/texlive/2023/texmf-dist/tex/latex/l3packages/xparse/xparse.sty
Package: xparse 2023-08-29 L3 Experimental document command parser
)
(/opt/texlive/2023/texmf-dist/tex/latex/zref/zref-abspage.sty
Package: zref-abspage 2022-04-07 v2.34 Module abspage for zref (HO)

(/opt/texlive/2023/texmf-dist/tex/latex/zref/zref-base.sty
Package: zref-base 2022-04-07 v2.34 Module base for zref (HO)

(/opt/texlive/2023/texmf-dist/tex/generic/etexcmds/etexcmds.sty
Package: etexcmds 2019/12/15 v1.7 Avoid name clashes with e-TeX commands (HO)
)
Package zref Info: New property list: main on input line 767.
Package zref Info: New property: default on input line 768.
Package zref Info: New property: page on input line 769.
)
\c@abspage=\count347
Package zref Info: New property: abspage on input line 65.
)
(/opt/texlive/2023/texmf-dist/tex/latex/needspace/needspace.sty
Package: needspace 2010/09/12 v1.3d reserve vertical space
)
\mdf@templength=\skip65
\c@mdf@globalstyle@cnt=\count348
\mdf@skipabove@length=\skip66
\mdf@skipbelow@length=\skip67
\mdf@leftmargin@length=\skip68
\mdf@rightmargin@length=\skip69
\mdf@innerleftmargin@length=\skip70
\mdf@innerrightmargin@length=\skip71
\mdf@innertopmargin@length=\skip72
\mdf@innerbottommargin@length=\skip73
\mdf@splittopskip@length=\skip74
\mdf@splitbottomskip@length=\skip75
\mdf@outermargin@length=\skip76
\mdf@innermargin@length=\skip77
\mdf@linewidth@length=\skip78
\mdf@innerlinewidth@length=\skip79
\mdf@middlelinewidth@length=\skip80
\mdf@outerlinewidth@length=\skip81
\mdf@roundcorner@length=\skip82
\mdf@footenotedistance@length=\skip83
\mdf@userdefinedwidth@length=\skip84
\mdf@needspace@length=\skip85
\mdf@frametitleaboveskip@length=\skip86
\mdf@frametitlebelowskip@length=\skip87
\mdf@frametitlerulewidth@length=\skip88
\mdf@frametitleleftmargin@length=\skip89
\mdf@frametitlerightmargin@length=\skip90
\mdf@shadowsize@length=\skip91
\mdf@extratopheight@length=\skip92
\mdf@subtitleabovelinewidth@length=\skip93
\mdf@subtitlebelowlinewidth@length=\skip94
\mdf@subtitleaboveskip@length=\skip95
\mdf@subtitlebelowskip@length=\skip96
\mdf@subtitleinneraboveskip@length=\skip97
\mdf@subtitleinnerbelowskip@length=\skip98
\mdf@subsubtitleabovelinewidth@length=\skip99
\mdf@subsubtitlebelowlinewidth@length=\skip100
\mdf@subsubtitleaboveskip@length=\skip101
\mdf@subsubtitlebelowskip@length=\skip102
\mdf@subsubtitleinneraboveskip@length=\skip103
\mdf@subsubtitleinnerbelowskip@length=\skip104

(/opt/texlive/2023/texmf-dist/tex/latex/mdframed/md-frame-0.mdf
File: md-frame-0.mdf 2013/07/01\ 1.9b: md-frame-0
)
\mdf@frametitlebox=\box78
\mdf@footnotebox=\box79
\mdf@splitbox@one=\box80
\mdf@splitbox@two=\box81
\mdf@splitbox@save=\box82
\mdfsplitboxwidth=\skip105
\mdfsplitboxtotalwidth=\skip106
\mdfsplitboxheight=\skip107
\mdfsplitboxdepth=\skip108
\mdfsplitboxtotalheight=\skip109
\mdfframetitleboxwidth=\skip110
\mdfframetitleboxtotalwidth=\skip111
\mdfframetitleboxheight=\skip112
\mdfframetitleboxdepth=\skip113
\mdfframetitleboxtotalheight=\skip114
\mdffootnoteboxwidth=\skip115
\mdffootnoteboxtotalwidth=\skip116
\mdffootnoteboxheight=\skip117
\mdffootnoteboxdepth=\skip118
\mdffootnoteboxtotalheight=\skip119
\mdftotallinewidth=\skip120
\mdfboundingboxwidth=\skip121
\mdfboundingboxtotalwidth=\skip122
\mdfboundingboxheight=\skip123
\mdfboundingboxdepth=\skip124
\mdfboundingboxtotalheight=\skip125
\mdf@freevspace@length=\skip126
\mdf@horizontalwidthofbox@length=\skip127
\mdf@verticalmarginwhole@length=\skip128
\mdf@horizontalspaceofbox=\skip129
\mdfsubtitleheight=\skip130
\mdfsubsubtitleheight=\skip131
\c@mdfcountframes=\count349

****** mdframed patching \endmdf@trivlist

****** -- failed******

\mdf@envdepth=\count350
\c@mdf@env@i=\count351
\c@mdf@env@ii=\count352
\c@mdf@zref@counter=\count353
Package zref Info: New property: mdf@pagevalue on input line 895.
)
(/opt/texlive/2023/texmf-dist/tex/generic/soul/soul.sty
Package: soul 2023-06-14 v3.1 Permit use of UTF-8 characters in soul (HO)

(/opt/texlive/2023/texmf-dist/tex/generic/soul/soul-ori.sty
Package: soul-ori 2023-06-14 v3.1 letterspacing/underlining (mf)
\SOUL@word=\toks47
\SOUL@lasttoken=\toks48
\SOUL@syllable=\toks49
\SOUL@cmds=\toks50
\SOUL@buffer=\toks51
\SOUL@token=\toks52
\SOUL@syllgoal=\dimen317
\SOUL@syllwidth=\dimen318
\SOUL@charkern=\dimen319
\SOUL@hyphkern=\dimen320
\SOUL@dimen=\dimen321
\SOUL@dimeni=\dimen322
\SOUL@minus=\count354
\SOUL@comma=\count355
\SOUL@apo=\count356
\SOUL@grave=\count357
\SOUL@spaceskip=\skip132
\SOUL@ttwidth=\dimen323
\SOUL@uldp=\dimen324
\SOUL@ulht=\dimen325
))
(./ECE5580_ProgressUpdate_Grp1.aux)
\openout1 = `ECE5580_ProgressUpdate_Grp1.aux'.

LaTeX Font Info:    Checking defaults for OML/cmm/m/it on input line 31.
LaTeX Font Info:    ... okay on input line 31.
LaTeX Font Info:    Checking defaults for OMS/cmsy/m/n on input line 31.
LaTeX Font Info:    ... okay on input line 31.
LaTeX Font Info:    Checking defaults for OT1/cmr/m/n on input line 31.
LaTeX Font Info:    ... okay on input line 31.
LaTeX Font Info:    Checking defaults for T1/cmr/m/n on input line 31.
LaTeX Font Info:    ... okay on input line 31.
LaTeX Font Info:    Checking defaults for TS1/cmr/m/n on input line 31.
LaTeX Font Info:    ... okay on input line 31.
LaTeX Font Info:    Checking defaults for OMX/cmex/m/n on input line 31.
LaTeX Font Info:    ... okay on input line 31.
LaTeX Font Info:    Checking defaults for U/cmr/m/n on input line 31.
LaTeX Font Info:    ... okay on input line 31.
LaTeX Font Info:    Checking defaults for PD1/pdf/m/n on input line 31.
LaTeX Font Info:    ... okay on input line 31.
LaTeX Font Info:    Checking defaults for PU/pdf/m/n on input line 31.
LaTeX Font Info:    ... okay on input line 31.
LaTeX Font Info:    Checking defaults for FML/futm/m/it on input line 31.
LaTeX Font Info:    Trying to load font information for FML+futm on input line 
31.

(/opt/texlive/2023/texmf-dist/tex/latex/fourier/fmlfutm.fd
File: fmlfutm.fd 2004/10/30 Fontinst v1.926 font definitions for FML/futm.
)
LaTeX Font Info:    ... okay on input line 31.
LaTeX Font Info:    Checking defaults for FMS/futm/m/n on input line 31.
LaTeX Font Info:    Trying to load font information for FMS+futm on input line 
31.

(/opt/texlive/2023/texmf-dist/tex/latex/fourier/fmsfutm.fd
File: fmsfutm.fd 2004/10/30 Fontinst v1.926 font definitions for FMS/futm.
)
LaTeX Font Info:    ... okay on input line 31.
LaTeX Font Info:    Checking defaults for FMX/futm/m/n on input line 31.
LaTeX Font Info:    Trying to load font information for FMX+futm on input line 
31.

(/opt/texlive/2023/texmf-dist/tex/latex/fourier/fmxfutm.fd
File: fmxfutm.fd futm-extension
)
LaTeX Font Info:    ... okay on input line 31.

*geometry* driver: auto-detecting
*geometry* detected driver: pdftex
*geometry* verbose mode - [ preamble ] result:
* driver: pdftex
* paper: custom
* layout: <same size as paper>
* layoutoffset:(h,v)=(0.0pt,0.0pt)
* modes: includehead includefoot 
* h-part:(L,W,R)=(28.45274pt, 307.28987pt, 28.45274pt)
* v-part:(T,H,B)=(0.0pt, 273.14662pt, 0.0pt)
* \paperwidth=364.19536pt
* \paperheight=273.14662pt
* \textwidth=307.28987pt
* \textheight=244.6939pt
* \oddsidemargin=-43.81725pt
* \evensidemargin=-43.81725pt
* \topmargin=-72.26999pt
* \headheight=14.22636pt
* \headsep=0.0pt
* \topskip=11.0pt
* \footskip=14.22636pt
* \marginparwidth=4.0pt
* \marginparsep=10.0pt
* \columnsep=10.0pt
* \skip\footins=10.0pt plus 4.0pt minus 2.0pt
* \hoffset=0.0pt
* \voffset=0.0pt
* \mag=1000
* \@twocolumnfalse
* \@twosidefalse
* \@mparswitchfalse
* \@reversemarginfalse
* (1in=72.27pt=25.4mm, 1cm=28.453pt)

(/opt/texlive/2023/texmf-dist/tex/context/base/mkii/supp-pdf.mkii
[Loading MPS to PDF converter (version 2006.09.02).]
\scratchcounter=\count358
\scratchdimen=\dimen326
\scratchbox=\box83
\nofMPsegments=\count359
\nofMParguments=\count360
\everyMPshowfont=\toks53
\MPscratchCnt=\count361
\MPscratchDim=\dimen327
\MPnumerator=\count362
\makeMPintoPDFobject=\count363
\everyMPtoPDFconversion=\toks54
) (/opt/texlive/2023/texmf-dist/tex/latex/epstopdf-pkg/epstopdf-base.sty
Package: epstopdf-base 2020-01-24 v2.11 Base part for package epstopdf
Package epstopdf-base Info: Redefining graphics rule for `.eps' on input line 4
85.

(/opt/texlive/2023/texmf-dist/tex/latex/latexconfig/epstopdf-sys.cfg
File: epstopdf-sys.cfg 2010/07/13 v1.3 Configuration of (r)epstopdf for TeX Liv
e
))
Package hyperref Info: Link coloring OFF on input line 31.

(./ECE5580_ProgressUpdate_Grp1.out) (./ECE5580_ProgressUpdate_Grp1.out)
\@outlinefile=\write5
\openout5 = `ECE5580_ProgressUpdate_Grp1.out'.

LaTeX Font Info:    Encoding `T1' has changed to `OT1' for symbol font
(Font)              `operators' in the math version `normal' on input line 31.
LaTeX Font Info:    Overwriting symbol font `operators' in version `normal'
(Font)                  T1/futs/m/n --> OT1/cmss/m/n on input line 31.
LaTeX Font Info:    Encoding `T1' has changed to `OT1' for symbol font
(Font)              `operators' in the math version `bold' on input line 31.
LaTeX Font Info:    Overwriting symbol font `operators' in version `bold'
(Font)                  T1/futs/b/n --> OT1/cmss/b/n on input line 31.
\symnumbers=\mathgroup8
\sympureletters=\mathgroup9
LaTeX Font Info:    Overwriting math alphabet `\mathrm' in version `normal'
(Font)                  T1/futs/m/n --> T1/futs/m/n on input line 31.
LaTeX Font Info:    Redeclaring math alphabet \mathbf on input line 31.
LaTeX Font Info:    Overwriting math alphabet `\mathbf' in version `normal'
(Font)                  T1/futs/bx/n --> T1/cmss/b/n on input line 31.
LaTeX Font Info:    Overwriting math alphabet `\mathbf' in version `bold'
(Font)                  T1/futs/bx/n --> T1/cmss/b/n on input line 31.
LaTeX Font Info:    Redeclaring math alphabet \mathsf on input line 31.
LaTeX Font Info:    Overwriting math alphabet `\mathsf' in version `normal'
(Font)                  OT1/cmss/m/n --> T1/cmss/m/n on input line 31.
LaTeX Font Info:    Overwriting math alphabet `\mathsf' in version `bold'
(Font)                  OT1/cmss/bx/n --> T1/cmss/m/n on input line 31.
LaTeX Font Info:    Redeclaring math alphabet \mathit on input line 31.
LaTeX Font Info:    Overwriting math alphabet `\mathit' in version `normal'
(Font)                  T1/futs/m/it --> T1/cmss/m/it on input line 31.
LaTeX Font Info:    Overwriting math alphabet `\mathit' in version `bold'
(Font)                  T1/futs/m/it --> T1/cmss/m/it on input line 31.
LaTeX Font Info:    Redeclaring math alphabet \mathtt on input line 31.
LaTeX Font Info:    Overwriting math alphabet `\mathtt' in version `normal'
(Font)                  OT1/cmtt/m/n --> T1/cmtt/m/n on input line 31.
LaTeX Font Info:    Overwriting math alphabet `\mathtt' in version `bold'
(Font)                  OT1/cmtt/m/n --> T1/cmtt/m/n on input line 31.
LaTeX Font Info:    Overwriting symbol font `numbers' in version `bold'
(Font)                  T1/cmss/m/n --> T1/cmss/b/n on input line 31.
LaTeX Font Info:    Overwriting symbol font `pureletters' in version `bold'
(Font)                  T1/cmss/m/it --> T1/cmss/b/it on input line 31.
LaTeX Font Info:    Overwriting math alphabet `\mathrm' in version `bold'
(Font)                  T1/futs/m/n --> T1/futs/b/n on input line 31.
LaTeX Font Info:    Overwriting math alphabet `\mathbf' in version `bold'
(Font)                  T1/cmss/b/n --> T1/cmss/b/n on input line 31.
LaTeX Font Info:    Overwriting math alphabet `\mathsf' in version `bold'
(Font)                  T1/cmss/m/n --> T1/cmss/b/n on input line 31.
LaTeX Font Info:    Overwriting math alphabet `\mathit' in version `bold'
(Font)                  T1/cmss/m/it --> T1/cmss/b/it on input line 31.
LaTeX Font Info:    Overwriting math alphabet `\mathtt' in version `bold'
(Font)                  T1/cmtt/m/n --> T1/cmtt/b/n on input line 31.
LaTeX Font Info:    Redeclaring symbol font `pureletters' on input line 31.
LaTeX Font Info:    Encoding `T1' has changed to `OT1' for symbol font
(Font)              `pureletters' in the math version `normal' on input line 31
.
LaTeX Font Info:    Overwriting symbol font `pureletters' in version `normal'
(Font)                  T1/cmss/m/it --> OT1/mathkerncmss/m/sl on input line 31
.
LaTeX Font Info:    Encoding `T1' has changed to `OT1' for symbol font
(Font)              `pureletters' in the math version `bold' on input line 31.
LaTeX Font Info:    Overwriting symbol font `pureletters' in version `bold'
(Font)                  T1/cmss/b/it --> OT1/mathkerncmss/m/sl on input line 31
.
LaTeX Font Info:    Overwriting symbol font `pureletters' in version `bold'
(Font)                  OT1/mathkerncmss/m/sl --> OT1/mathkerncmss/bx/sl on inp
ut line 31.

(/opt/texlive/2023/texmf-dist/tex/latex/translator/translator-basic-dictionary-
English.dict
Dictionary: translator-basic-dictionary, Language: English 
)
(/opt/texlive/2023/texmf-dist/tex/latex/translator/translator-bibliography-dict
ionary-English.dict
Dictionary: translator-bibliography-dictionary, Language: English 
)
(/opt/texlive/2023/texmf-dist/tex/latex/translator/translator-environment-dicti
onary-English.dict
Dictionary: translator-environment-dictionary, Language: English 
)
(/opt/texlive/2023/texmf-dist/tex/latex/translator/translator-months-dictionary
-English.dict
Dictionary: translator-months-dictionary, Language: English 
)
(/opt/texlive/2023/texmf-dist/tex/latex/translator/translator-numbers-dictionar
y-English.dict
Dictionary: translator-numbers-dictionary, Language: English 
)
(/opt/texlive/2023/texmf-dist/tex/latex/translator/translator-theorem-dictionar
y-English.dict
Dictionary: translator-theorem-dictionary, Language: English 
)
Package caption Info: Begin \AtBeginDocument code.
Package caption Info: End \AtBeginDocument code.
LaTeX Font Info:    Redeclaring math accent \widehat on input line 31.
LaTeX Font Info:    Redeclaring math accent \widetilde on input line 31.
 (./ECE5580_ProgressUpdate_Grp1.nav) [1{/opt/texlive/2023/texmf-var/fonts/map/p
dftex/updmap/pdftex.map}{/opt/texlive/2023/texmf-dist/fonts/enc/dvips/cm-super/
cm-super-t1.enc}

] (./ECE5580_ProgressUpdate_Grp1.toc) [2

]
LaTeX Font Info:    Trying to load font information for FML+futmi on input line
 63.

(/opt/texlive/2023/texmf-dist/tex/latex/fourier/fmlfutmi.fd
File: fmlfutmi.fd 2004/10/30 Fontinst v1.926 font definitions for FML/futmi.
)
LaTeX Font Info:    Font shape `FMX/futm/m/n' will be
(Font)              scaled to size 10.07397pt on input line 63.
LaTeX Font Info:    Font shape `FMX/futm/m/n' will be
(Font)              scaled to size 7.63599pt on input line 63.
LaTeX Font Info:    Font shape `FMX/futm/m/n' will be
(Font)              scaled to size 5.51999pt on input line 63.
LaTeX Font Info:    Trying to load font information for U+msa on input line 63.


(/opt/texlive/2023/texmf-dist/tex/latex/amsfonts/umsa.fd
File: umsa.fd 2013/01/14 v3.01 AMS symbols A
)
LaTeX Font Info:    Trying to load font information for U+msb on input line 63.


(/opt/texlive/2023/texmf-dist/tex/latex/amsfonts/umsb.fd
File: umsb.fd 2013/01/14 v3.01 AMS symbols B
)
LaTeX Font Info:    Font shape `U/futm/m/n' will be
(Font)              scaled to size 10.07397pt on input line 63.
LaTeX Font Info:    Font shape `U/futm/m/n' will be
(Font)              scaled to size 7.63599pt on input line 63.
LaTeX Font Info:    Font shape `U/futm/m/n' will be
(Font)              scaled to size 5.51999pt on input line 63.
LaTeX Font Info:    Trying to load font information for OT1+mathkerncmss on inp
ut line 63.

(/opt/texlive/2023/texmf-dist/tex/latex/sansmathaccent/ot1mathkerncmss.fd
File: ot1mathkerncmss.fd 2020/01/31 Fontinst v1.933 font definitions for OT1/ma
thkerncmss.
)
LaTeX Font Info:    Font shape `FMX/futm/m/n' will be
(Font)              scaled to size 9.19998pt on input line 63.
LaTeX Font Info:    Font shape `FMX/futm/m/n' will be
(Font)              scaled to size 6.99199pt on input line 63.
LaTeX Font Info:    Font shape `U/futm/m/n' will be
(Font)              scaled to size 9.19998pt on input line 63.
LaTeX Font Info:    Font shape `U/futm/m/n' will be
(Font)              scaled to size 6.99199pt on input line 63.

[3

]
<../abstract/diagram.png, id=196, 2050.66125pt x 923.45pt>
File: ../abstract/diagram.png Graphic file (type png)
<use ../abstract/diagram.png>
Package pdftex.def Info: ../abstract/diagram.png  used on input line 79.
(pdftex.def)             Requested size: 276.82732pt x 124.66037pt.
 [4

 <../abstract/diagram.png>]
<pin_snip.png, id=238, 1022.31938pt x 418.56375pt>
File: pin_snip.png Graphic file (type png)
<use pin_snip.png>
Package pdftex.def Info: pin_snip.png  used on input line 94.
(pdftex.def)             Requested size: 306.69818pt x 125.57008pt.
 [5

 <./pin_snip.png>]
<mm.png, id=278, 912.40875pt x 389.95688pt>
File: mm.png Graphic file (type png)
<use mm.png>
Package pdftex.def Info: mm.png  used on input line 114.
(pdftex.def)             Requested size: 205.29703pt x 87.74245pt.
<trace.png, id=279, 679.03688pt x 482.55281pt>
File: trace.png Graphic file (type png)
<use trace.png>
Package pdftex.def Info: trace.png  used on input line 114.
(pdftex.def)             Requested size: 135.80496pt x 96.50885pt.

Overfull \hbox (4.55153pt too wide) detected at line 114
[][][] [][][][][][][][][] [][][][][][][] 
 []

[6

 <./mm.png> <./trace.png>] [7

]
\tf@nav=\write6
\openout6 = `ECE5580_ProgressUpdate_Grp1.nav'.

\tf@toc=\write7
\openout7 = `ECE5580_ProgressUpdate_Grp1.toc'.

\tf@snm=\write8
\openout8 = `ECE5580_ProgressUpdate_Grp1.snm'.

 (./ECE5580_ProgressUpdate_Grp1.aux)
 ***********
LaTeX2e <2023-06-01> patch level 1
L3 programming layer <2023-08-29>
 ***********
Package rerunfilecheck Info: File `ECE5580_ProgressUpdate_Grp1.out' has not cha
nged.
(rerunfilecheck)             Checksum: 1FCD89899C3B8B01614CAEE0860D4037;1064.
 ) 
Here is how much of TeX's memory you used:
 25402 strings out of 474934
 488084 string characters out of 5734368
 1932807 words of memory out of 5000000
 46364 multiletter control sequences out of 15000+600000
 586604 words of font info for 96 fonts, out of 8000000 for 9000
 1141 hyphenation exceptions out of 8191
 128i,19n,123p,422b,765s stack positions out of 10000i,1000n,20000p,200000b,200000s
</opt/texlive/2023/texmf-dist/fonts/type1/public/fourier/fourier-ms.pfb></opt
/texlive/2023/texmf-dist/fonts/type1/public/cm-super/sfss0600.pfb></opt/texlive
/2023/texmf-dist/fonts/type1/public/cm-super/sfss0800.pfb></opt/texlive/2023/te
xmf-dist/fonts/type1/public/cm-super/sfss1000.pfb></opt/texlive/2023/texmf-dist
/fonts/type1/public/cm-super/sfss1095.pfb></opt/texlive/2023/texmf-dist/fonts/t
ype1/public/cm-super/sfss1440.pfb></opt/texlive/2023/texmf-dist/fonts/type1/pub
lic/cm-super/sfsx1000.pfb></opt/texlive/2023/texmf-dist/fonts/type1/public/cm-s
uper/sfsx1095.pfb>
Output written on ECE5580_ProgressUpdate_Grp1.pdf (7 pages, 677057 bytes).
PDF statistics:
 397 PDF objects out of 1000 (max. 8388607)
 296 compressed objects within 3 object streams
 22 named destinations out of 1000 (max. 500000)
 137 words of extra memory for PDF output out of 10000 (max. 10000000)

